<?xml version="1.0" encoding="UTF-8"?>
<!-- Generated by org.testng.reporters.JUnitReportReporter -->
<testsuite hostname="DESKTOP-HUVUG90" failures="0" tests="1" name="runner.TestNGRunner" time="0.203" errors="0" timestamp="2025-03-13T11:16:58 IST" skipped="0">
  <testcase classname="runner.TestNGRunner" name="runScenario" time="0.203"/>
</testsuite> <!-- runner.TestNGRunner -->
